To-Do-List-Android-App/app/build/intermediates/manifest_merge_blame_file/debug/manifest-merger-blame-debug-report.txt
1<?xml version="1.0" encoding="utf-8"?>
2<manifest xmlns:android="http://schemas.android.com/apk/res/android"
3    package="com.darkpingouin.todolist"
4    android:versionCode="1"
5    android:versionName="1.0" >
6
7    <uses-sdk
8        android:minSdkVersion="19"
8-->src\main\AndroidManifest.xml
9        android:targetSdkVersion="25" />
9-->src\main\AndroidManifest.xml
10
11    <application
11-->src\main\AndroidManifest.xml:5:5-28:19
12        android:allowBackup="true"
12-->src\main\AndroidManifest.xml:6:9-35
13        android:debuggable="true"
14        android:icon="@mipmap/ic_launcher"
14-->src\main\AndroidManifest.xml:7:9-43
15        android:label="@string/app_name"
15-->src\main\AndroidManifest.xml:8:9-41
16        android:supportsRtl="true"
16-->src\main\AndroidManifest.xml:9:9-35
17        android:testOnly="true"
18        android:theme="@style/Theme.AppCompat.Light.NoActionBar" >
18-->src\main\AndroidManifest.xml:10:9-65
19        <activity android:name="com.darkpingouin.todolist.MainActivity" >
19-->src\main\AndroidManifest.xml:11:9-17:20
19-->src\main\AndroidManifest.xml:11:19-47
20            <intent-filter>
20-->src\main\AndroidManifest.xml:12:13-16:29
21                <action android:name="android.intent.action.MAIN" />
21-->src\main\AndroidManifest.xml:13:17-69
21-->src\main\AndroidManifest.xml:13:25-66
22
23                <category android:name="android.intent.category.LAUNCHER" />
23-->src\main\AndroidManifest.xml:15:17-77
23-->src\main\AndroidManifest.xml:15:27-74
24            </intent-filter>
25        </activity>
26
27        <receiver android:name="com.darkpingouin.todolist.NotificationPublisher" />
27-->src\main\AndroidManifest.xml:19:9-59
27-->src\main\AndroidManifest.xml:19:19-56
28
29        <activity android:name="com.darkpingouin.todolist.AddItem" />
29-->src\main\AndroidManifest.xml:21:9-45
29-->src\main\AndroidManifest.xml:21:19-42
30        <activity android:name="com.darkpingouin.todolist.EditItem" />
30-->src\main\AndroidManifest.xml:22:9-46
30-->src\main\AndroidManifest.xml:22:19-43
31        <activity android:name="com.darkpingouin.todolist.addCategory" />
31-->src\main\AndroidManifest.xml:23:9-58
31-->src\main\AndroidManifest.xml:23:19-46
32        <!--
33 ATTENTION: This was auto-generated to add Google Play services to your project for
34     App Indexing.  See https://g.co/AppIndexing/AndroidStudio for more information.
35        -->
36        <meta-data
36-->src\main\AndroidManifest.xml:25:9-27:69
37            android:name="com.google.android.gms.version"
37-->src\main\AndroidManifest.xml:26:13-58
38            android:value="@integer/google_play_services_version" />
38-->src\main\AndroidManifest.xml:27:13-66
39    </application>
40
41</manifest>